2022-04-07 14:57:21,312 [Worker-0: Loading available Gradle versions] INFO  o.e.b.c.i.u.g.PublishedGradleVersions - Gradle version information cache is up-to-date. Trying to read.
2022-04-07 14:58:12,182 [Worker-3: Importing Maven projects] INFO  o.e.m.c.i.l.LifecycleMappingFactory - Using org.eclipse.m2e.jdt.JarLifecycleMapping lifecycle mapping for MavenProject: LendingClub:sbt-sms-febe:0.0.1-ETM-4612-SNAPSHOT @ C:\Users\chalamala.karthik\eclipse-workspace\smsfebe\pom.xml.
2022-04-07 14:58:14,377 [Worker-3: Importing Maven projects] INFO  o.e.m.j.i.AbstractJavaProjectConfigurator - Adding source folder /sbt-sms-febe/src/main/java
2022-04-07 14:58:14,377 [Worker-3: Importing Maven projects] INFO  o.e.m.j.i.AbstractJavaProjectConfigurator - Adding resource folder /sbt-sms-febe/src/main/resources
2022-04-07 14:58:14,385 [Worker-3: Importing Maven projects] INFO  o.e.m.j.i.AbstractJavaProjectConfigurator - Adding resource folder /sbt-sms-febe/src/main/resources
2022-04-07 14:58:14,393 [Worker-3: Importing Maven projects] INFO  o.e.m.j.i.AbstractJavaProjectConfigurator - Adding source folder /sbt-sms-febe/src/test/java
2022-04-07 14:58:15,929 [Worker-3: Importing Maven projects] INFO  o.e.m.c.i.p.ProjectConfigurationManager - Imported and configured 1 project(s) in 5 sec
2022-04-07 14:58:17,950 [Worker-2: Building] INFO  o.e.m.c.i.embedder.EclipseLogger - Using 'UTF-8' encoding to copy filtered resources.
2022-04-07 14:58:17,950 [Worker-2: Building] INFO  o.e.m.c.i.embedder.EclipseLogger - Using 'UTF-8' encoding to copy filtered properties files.
2022-04-07 14:58:17,956 [Worker-2: Building] INFO  o.e.m.c.i.embedder.EclipseLogger - Copying 1 resource
2022-04-07 14:58:17,970 [Worker-2: Building] INFO  o.e.m.c.i.embedder.EclipseLogger - Copying 16 resources
2022-04-07 14:58:18,061 [Worker-2: Building] INFO  o.e.m.c.i.embedder.EclipseLogger - Using 'UTF-8' encoding to copy filtered resources.
2022-04-07 14:58:18,061 [Worker-2: Building] INFO  o.e.m.c.i.embedder.EclipseLogger - Using 'UTF-8' encoding to copy filtered properties files.
2022-04-07 14:58:18,061 [Worker-2: Building] INFO  o.e.m.c.i.embedder.EclipseLogger - skip non existing resourceDirectory C:\Users\chalamala.karthik\eclipse-workspace\smsfebe\src\test\resources
2022-04-07 14:59:00,972 [main] INFO  o.e.m2e.actions.ExecutePomAction - Creating new launch configuration
2022-04-07 14:59:14,771 [Worker-0: Launching Executing install in C__Users_chalamala.karthik_eclipse-workspace_smsfebe] INFO  o.e.m.i.launch.MavenLaunchDelegate - C:\Users\chalamala.karthik\eclipse-workspace\smsfebe
2022-04-07 14:59:14,780 [Worker-0: Launching Executing install in C__Users_chalamala.karthik_eclipse-workspace_smsfebe] INFO  o.e.m.i.launch.MavenLaunchDelegate -  mvn -B install
2022-04-07 14:59:26,597 [Worker-11: Building] INFO  o.e.m.c.i.embedder.EclipseLogger - Using 'UTF-8' encoding to copy filtered resources.
2022-04-07 14:59:26,598 [Worker-11: Building] INFO  o.e.m.c.i.embedder.EclipseLogger - Using 'UTF-8' encoding to copy filtered properties files.
2022-04-07 14:59:26,610 [Worker-11: Building] INFO  o.e.m.c.i.embedder.EclipseLogger - Copying 1 resource
2022-04-07 14:59:26,882 [Worker-11: Building] INFO  o.e.m.c.i.embedder.EclipseLogger - Copying 16 resources
2022-04-07 14:59:26,887 [Worker-11: Building] INFO  o.e.m.c.i.embedder.EclipseLogger - Using 'UTF-8' encoding to copy filtered resources.
2022-04-07 14:59:26,887 [Worker-11: Building] INFO  o.e.m.c.i.embedder.EclipseLogger - Using 'UTF-8' encoding to copy filtered properties files.
2022-04-07 14:59:26,887 [Worker-11: Building] INFO  o.e.m.c.i.embedder.EclipseLogger - skip non existing resourceDirectory C:\Users\chalamala.karthik\eclipse-workspace\smsfebe\src\test\resources
2022-04-07 15:07:28,841 [Worker-11: Building] INFO  o.e.m.c.i.embedder.EclipseLogger - Using 'UTF-8' encoding to copy filtered resources.
2022-04-07 15:07:28,841 [Worker-11: Building] INFO  o.e.m.c.i.embedder.EclipseLogger - Using 'UTF-8' encoding to copy filtered properties files.
2022-04-07 15:07:28,846 [Worker-11: Building] INFO  o.e.m.c.i.embedder.EclipseLogger - Copying 0 resource
2022-04-07 15:07:28,848 [Worker-11: Building] INFO  o.e.m.c.i.embedder.EclipseLogger - Copying 1 resource
2022-04-07 15:07:28,854 [Worker-11: Building] INFO  o.e.m.c.i.embedder.EclipseLogger - Using 'UTF-8' encoding to copy filtered resources.
2022-04-07 15:07:28,854 [Worker-11: Building] INFO  o.e.m.c.i.embedder.EclipseLogger - Using 'UTF-8' encoding to copy filtered properties files.
2022-04-07 15:07:28,854 [Worker-11: Building] INFO  o.e.m.c.i.embedder.EclipseLogger - skip non existing resourceDirectory C:\Users\chalamala.karthik\eclipse-workspace\smsfebe\src\test\resources
2022-04-07 15:07:58,693 [Worker-10: Building] INFO  o.e.m.c.i.embedder.EclipseLogger - Using 'UTF-8' encoding to copy filtered resources.
2022-04-07 15:07:58,693 [Worker-10: Building] INFO  o.e.m.c.i.embedder.EclipseLogger - Using 'UTF-8' encoding to copy filtered properties files.
2022-04-07 15:07:58,693 [Worker-10: Building] INFO  o.e.m.c.i.embedder.EclipseLogger - Copying 0 resource
2022-04-07 15:07:58,694 [Worker-10: Building] INFO  o.e.m.c.i.embedder.EclipseLogger - Copying 1 resource
